<?xml version="1.0" encoding="UTF-8"?>
<testsuite xmlns:xsi="http://www.w3.org/2001/XMLSchema-instance" xsi:noNamespaceSchemaLocation="https://maven.apache.org/surefire/maven-surefire-plugin/xsd/surefire-test-report.xsd" name="TestClasses.TestLogin" time="0.028" tests="13" errors="0" skipped="0" failures="0">
  <properties>
[...]
</properties>
  <testcase name="TestIncorrectUserName" classname="TestClasses.TestLogin" time="0.011"/>
  <testcase name="TestUSERNAMEInc" classname="TestClasses.TestLogin" time="0"/>
  <testcase name="TestIncPhoneNum" classname="TestClasses.TestLogin" time="0"/>
  <testcase name="TestIncPassCompl" classname="TestClasses.TestLogin" time="0"/>
  <testcase name="TestPhoneNum" classname="TestClasses.TestLogin" time="0.001"/>
  <testcase name="TestIncorrectPassword" classname="TestClasses.TestLogin" time="0"/>
  <testcase name="TestCorrectUserName" classname="TestClasses.TestLogin" time="0"/>
  <testcase name="TestLoginPass" classname="TestClasses.TestLogin" time="0"/>
  <testcase name="TestCorrectCellphone" classname="TestClasses.TestLogin" time="0"/>
  <testcase name="TestPassCompl" classname="TestClasses.TestLogin" time="0.001"/>
  <testcase name="TestIncorrectCellphone" classname="TestClasses.TestLogin" time="0"/>
  <testcase name="TestCorrectPassword" classname="TestClasses.TestLogin" time="0"/>
  <testcase name="TestUSERNAME" classname="TestClasses.TestLogin" time="0.001"/>
</testsuite>