<?xml version="1.0" encoding="UTF-8"?>
<testsuite xmlns:xsi="http://www.w3.org/2001/XMLSchema-instance" xsi:noNamespaceSchemaLocation="https://maven.apache.org/surefire/maven-surefire-plugin/xsd/surefire-test-report.xsd" name="TestClasses.TestLogin" time="0.033" tests="12" errors="0" skipped="0" failures="3">
  <properties>
[...]
</properties>
  <testcase name="TestIncorrectUserName" classname="TestClasses.TestLogin" time="0.017">
    <failure message="expected: &lt;true&gt; but was: &lt;false&gt;" type="org.opentest4j.AssertionFailedError"><![CDATA[org.opentest4j.AssertionFailedError: expected: <true> but was: <false>
	at TestClasses.TestLogin.TestIncorrectUserName(TestLogin.java:30)
]]></failure>
    <system-out><![CDATA[Username is not correctly formatted; 
please ensure that your username contains an underscore and is 
no more than five characters in length
]]></system-out>
  </testcase>
  <testcase name="TestIncPhoneNum" classname="TestClasses.TestLogin" time="0"/>
  <testcase name="TestIncPassCompl" classname="TestClasses.TestLogin" time="0.001"/>
  <testcase name="TestPhoneNum" classname="TestClasses.TestLogin" time="0"/>
  <testcase name="TestIncorrectPassword" classname="TestClasses.TestLogin" time="0">
    <failure message="expected: &lt;true&gt; but was: &lt;false&gt;" type="org.opentest4j.AssertionFailedError"><![CDATA[org.opentest4j.AssertionFailedError: expected: <true> but was: <false>
	at TestClasses.TestLogin.TestIncorrectPassword(TestLogin.java:42)
]]></failure>
    <system-out><![CDATA[Password is not correctly formatted; 
please ensure that the password contains at least eight characters, 
a capital letter, a number, and a special character.
]]></system-out>
  </testcase>
  <testcase name="TestCorrectUserName" classname="TestClasses.TestLogin" time="0"/>
  <testcase name="TestLoginPass" classname="TestClasses.TestLogin" time="0.001"/>
  <testcase name="TestCorrectCellphone" classname="TestClasses.TestLogin" time="0"/>
  <testcase name="TestPassCompl" classname="TestClasses.TestLogin" time="0.001"/>
  <testcase name="TestIncorrectCellphone" classname="TestClasses.TestLogin" time="0.001">
    <failure message="expected: &lt;true&gt; but was: &lt;false&gt;" type="org.opentest4j.AssertionFailedError"><![CDATA[org.opentest4j.AssertionFailedError: expected: <true> but was: <false>
	at TestClasses.TestLogin.TestIncorrectCellphone(TestLogin.java:54)
]]></failure>
    <system-out><![CDATA[Cell phone number successfully added.
Cell phone number incorrectly formatted or does not contain international code.
]]></system-out>
  </testcase>
  <testcase name="TestCorrectPassword" classname="TestClasses.TestLogin" time="0"/>
  <testcase name="TestUSERNAME" classname="TestClasses.TestLogin" time="0"/>
</testsuite>